Failed to set locale, defaulting to C
Loaded plugins: langpacks
Resolving Dependencies
--> Running transaction check
---> Package epel-release.noarch 0:7-11 will be installed
--> Finished Dependency Resolution

Dependencies Resolved

================================================================================
 Package             Arch          Version        Repository               Size
================================================================================
Installing:
 epel-release        noarch        7-11           extras-openlogic         15 k

Transaction Summary
================================================================================
Install  1 Package

Total download size: 15 k
Installed size: 24 k
Downloading packages:
Running transaction check
Running transaction test
Transaction test succeeded
Running transaction
  Installing : epel-release-7-11.noarch                                     1/1 
  Verifying  : epel-release-7-11.noarch                                     1/1 

Installed:
  epel-release.noarch 0:7-11                                                    

Complete!
Failed to set locale, defaulting to C
Loaded plugins: langpacks
http://mirror.es.its.nyu.edu/epel/7/x86_64/repodata/repomd.xml: [Errno 12] Timeout on http://mirror.es.its.nyu.edu/epel/7/x86_64/repodata/repomd.xml: (28, 'Connection timed out after 30001 milliseconds')
Trying other mirror.
Resolving Dependencies
--> Running transaction check
---> Package nmap-ncat.x86_64 2:6.40-19.el7 will be installed
---> Package pssh.noarch 0:2.3.1-5.el7 will be installed
--> Finished Dependency Resolution

Dependencies Resolved

================================================================================
 Package         Arch         Version                Repository            Size
================================================================================
Installing:
 nmap-ncat       x86_64       2:6.40-19.el7          base-openlogic       206 k
 pssh            noarch       2.3.1-5.el7            epel                  49 k

Transaction Summary
================================================================================
Install  2 Packages

Total download size: 256 k
Installed size: 538 k
Downloading packages:
warning: /var/cache/yum/x86_64/7/epel/packages/pssh-2.3.1-5.el7.noarch.rpm: Header V3 RSA/SHA256 Signature, key ID 352c64e5: NOKEY
Public key for pssh-2.3.1-5.el7.noarch.rpm is not installed
--------------------------------------------------------------------------------
Total                                              420 kB/s | 256 kB  00:00     
Retrieving key from file:///etc/pki/rpm-gpg/RPM-GPG-KEY-EPEL-7
Importing GPG key 0x352C64E5:
 Userid     : "Fedora EPEL (7) <epel@fedoraproject.org>"
 Fingerprint: 91e9 7d7c 4a5e 96f1 7f3e 888f 6a2f aea2 352c 64e5
 Package    : epel-release-7-11.noarch (@extras-openlogic)
 From       : /etc/pki/rpm-gpg/RPM-GPG-KEY-EPEL-7
Running transaction check
Running transaction test
Transaction test succeeded
Running transaction
  Installing : pssh-2.3.1-5.el7.noarch                                      1/2 
  Installing : 2:nmap-ncat-6.40-19.el7.x86_64                               2/2 
  Verifying  : 2:nmap-ncat-6.40-19.el7.x86_64                               1/2 
  Verifying  : pssh-2.3.1-5.el7.noarch                                      2/2 

Installed:
  nmap-ncat.x86_64 2:6.40-19.el7            pssh.noarch 0:2.3.1-5.el7           

Complete!
[1] 21:17:45 [SUCCESS] jumpbox
rsync-3.1.2-6.el7_6.1.x86_64
[2] 21:17:46 [SUCCESS] cycleserver
rsync-3.1.2-10.el7.x86_64
[1] 21:17:46 [SUCCESS] jumpbox
[2] 21:17:47 [SUCCESS] cycleserver
[1] 21:17:47 [SUCCESS] cycleserver
[2] 21:17:47 [SUCCESS] jumpbox
[1] 21:17:48 [SUCCESS] jumpbox
AcceptEnv PSSH_NODENUM PSSH_HOST
[2] 21:17:48 [SUCCESS] cycleserver
AcceptEnv PSSH_NODENUM PSSH_HOST
[1] 21:17:48 [SUCCESS] cycleserver
[2] 21:17:48 [SUCCESS] jumpbox
[1] 21:17:49 [SUCCESS] cycleserver
Defaults env_keep += "PSSH_NODENUM PSSH_HOST"
[2] 21:17:49 [SUCCESS] jumpbox
Defaults env_keep += "PSSH_NODENUM PSSH_HOST"
Failed to set locale, defaulting to C
Loaded plugins: langpacks
Package pssh-2.3.1-5.el7.noarch already installed and latest version
Package 2:nmap-ncat-6.40-19.el7.x86_64 already installed and latest version
Nothing to do
[1] 22:07:21 [SUCCESS] cycleserver
rsync-3.1.2-10.el7.x86_64
[2] 22:07:21 [SUCCESS] jumpbox
rsync-3.1.2-6.el7_6.1.x86_64
[1] 22:07:21 [SUCCESS] cycleserver
[2] 22:07:21 [SUCCESS] jumpbox
[1] 22:07:22 [SUCCESS] cycleserver
[2] 22:07:22 [SUCCESS] jumpbox
[1] 22:07:22 [SUCCESS] cycleserver
AcceptEnv PSSH_NODENUM PSSH_HOST
[2] 22:07:22 [SUCCESS] jumpbox
AcceptEnv PSSH_NODENUM PSSH_HOST
[1] 22:07:23 [SUCCESS] cycleserver
[2] 22:07:23 [SUCCESS] jumpbox
[1] 22:07:23 [SUCCESS] cycleserver
Defaults env_keep += "PSSH_NODENUM PSSH_HOST"
[2] 22:07:23 [SUCCESS] jumpbox
Defaults env_keep += "PSSH_NODENUM PSSH_HOST"
