[1] 21:19:11 [SUCCESS] cycleserver
package epel-release is not installed
Loaded plugins: langpacks
Resolving Dependencies
--> Running transaction check
---> Package epel-release.noarch 0:7-11 will be installed
--> Finished Dependency Resolution

Dependencies Resolved

================================================================================
 Package             Arch          Version        Repository               Size
================================================================================
Installing:
 epel-release        noarch        7-11           extras-openlogic         15 k

Transaction Summary
================================================================================
Install  1 Package

Total download size: 15 k
Installed size: 24 k
Downloading packages:
Running transaction check
Running transaction test
Transaction test succeeded
Running transaction
  Installing : epel-release-7-11.noarch                                     1/1 
  Verifying  : epel-release-7-11.noarch                                     1/1 

Installed:
  epel-release.noarch 0:7-11                                                    

Complete!
epel-release-7-11.noarch
Loaded plugins: langpacks
Resolving Dependencies
--> Running transaction check
---> Package git.x86_64 0:1.8.3.1-23.el7_8 will be installed
--> Processing Dependency: perl-Git = 1.8.3.1-23.el7_8 for package: git-1.8.3.1-23.el7_8.x86_64
--> Processing Dependency: perl(Term::ReadKey) for package: git-1.8.3.1-23.el7_8.x86_64
--> Processing Dependency: perl(Git) for package: git-1.8.3.1-23.el7_8.x86_64
--> Processing Dependency: perl(Error) for package: git-1.8.3.1-23.el7_8.x86_64
---> Package htop.x86_64 0:2.2.0-3.el7 will be installed
---> Package jq.x86_64 0:1.6-2.el7 will be installed
--> Processing Dependency: libonig.so.5()(64bit) for package: jq-1.6-2.el7.x86_64
--> Running transaction check
---> Package oniguruma.x86_64 0:6.8.2-2.el7 will be installed
---> Package perl-Error.noarch 1:0.17020-2.el7 will be installed
---> Package perl-Git.noarch 0:1.8.3.1-23.el7_8 will be installed
---> Package perl-TermReadKey.x86_64 0:2.30-20.el7 will be installed
--> Finished Dependency Resolution

Dependencies Resolved

================================================================================
 Package              Arch       Version               Repository          Size
================================================================================
Installing:
 git                  x86_64     1.8.3.1-23.el7_8      base-openlogic     4.4 M
 htop                 x86_64     2.2.0-3.el7           epel               103 k
 jq                   x86_64     1.6-2.el7             epel               167 k
Installing for dependencies:
 oniguruma            x86_64     6.8.2-2.el7           epel               181 k
 perl-Error           noarch     1:0.17020-2.el7       base-openlogic      32 k
 perl-Git             noarch     1.8.3.1-23.el7_8      base-openlogic      56 k
 perl-TermReadKey     x86_64     2.30-20.el7           base-openlogic      31 k

Transaction Summary
================================================================================
Install  3 Packages (+4 Dependent packages)

Total download size: 5.0 M
Installed size: 24 M
Downloading packages:
Public key for htop-2.2.0-3.el7.x86_64.rpm is not installed
--------------------------------------------------------------------------------
Total                                              5.2 MB/s | 5.0 MB  00:00     
Retrieving key from file:///etc/pki/rpm-gpg/RPM-GPG-KEY-EPEL-7
Running transaction check
Running transaction test
Transaction test succeeded
Running transaction
  Installing : 1:perl-Error-0.17020-2.el7.noarch                            1/7 
  Installing : oniguruma-6.8.2-2.el7.x86_64                                 2/7 
  Installing : perl-TermReadKey-2.30-20.el7.x86_64                          3/7 
  Installing : perl-Git-1.8.3.1-23.el7_8.noarch                             4/7 
  Installing : git-1.8.3.1-23.el7_8.x86_64                                  5/7 
  Installing : jq-1.6-2.el7.x86_64                                          6/7 
  Installing : htop-2.2.0-3.el7.x86_64                                      7/7 
  Verifying  : git-1.8.3.1-23.el7_8.x86_64                                  1/7 
  Verifying  : perl-TermReadKey-2.30-20.el7.x86_64                          2/7 
  Verifying  : oniguruma-6.8.2-2.el7.x86_64                                 3/7 
  Verifying  : 1:perl-Error-0.17020-2.el7.noarch                            4/7 
  Verifying  : htop-2.2.0-3.el7.x86_64                                      5/7 
  Verifying  : jq-1.6-2.el7.x86_64                                          6/7 
  Verifying  : perl-Git-1.8.3.1-23.el7_8.noarch                             7/7 

Installed:
  git.x86_64 0:1.8.3.1-23.el7_8 htop.x86_64 0:2.2.0-3.el7 jq.x86_64 0:1.6-2.el7

Dependency Installed:
  oniguruma.x86_64 0:6.8.2-2.el7        perl-Error.noarch 1:0.17020-2.el7       
  perl-Git.noarch 0:1.8.3.1-23.el7_8    perl-TermReadKey.x86_64 0:2.30-20.el7   

Complete!
Stderr: Failed to set locale, defaulting to C
Failed to set locale, defaulting to C
http://mirror.es.its.nyu.edu/epel/7/x86_64/repodata/repomd.xml: [Errno 12] Timeout on http://mirror.es.its.nyu.edu/epel/7/x86_64/repodata/repomd.xml: (28, 'Connection timed out after 30001 milliseconds')
Trying other mirror.
warning: /var/cache/yum/x86_64/7/epel/packages/htop-2.2.0-3.el7.x86_64.rpm: Header V3 RSA/SHA256 Signature, key ID 352c64e5: NOKEY
Importing GPG key 0x352C64E5:
 Userid     : "Fedora EPEL (7) <epel@fedoraproject.org>"
 Fingerprint: 91e9 7d7c 4a5e 96f1 7f3e 888f 6a2f aea2 352c 64e5
 Package    : epel-release-7-11.noarch (@extras-openlogic)
 From       : /etc/pki/rpm-gpg/RPM-GPG-KEY-EPEL-7
[1] 22:07:29 [SUCCESS] cycleserver
script already run
